# JRE version: OpenJDK Runtime Environment (17.0.7) (build 17.0.7+0-b2043.56-10550314)
# Java VM: OpenJDK 64-Bit Server VM (17.0.7+0-b2043.56-10550314, mixed mode, tiered, compressed oops, compressed class ptrs, g1 gc, windows-amd64)
GC Precious Log:
 CPUs: 12 total, 12 available
 Memory: 7876M
 Large Page Support: Disabled
 NUMA Support: Disabled
 Compressed Oops: Enabled (Zero based)
 Heap Region Size: 2M
 Heap Min Capacity: 8M
 Heap Initial Capacity: 124M
 Heap Max Capacity: 4G
 Pre-touch: Disabled
 Parallel Workers: 10
 Concurrent Workers: 3
 Concurrent Refinement Workers: 10
 Periodic GC: Disabled
Heap:
 garbage-first heap   total 550912K, used 178464K [0x0000000700000000, 0x0000000800000000)
  region size 2048K, 2 young (4096K), 2 survivors (4096K)
 Metaspace       used 142846K, committed 144576K, reserved 1179648K
  class space    used 19026K, committed 19840K, reserved 1048576K
GC Heap History (20 events):
Event: 18284.845 GC heap after
{Heap after GC invocations=136 (full 2):
 garbage-first heap   total 458752K, used 146740K [0x0000000700000000, 0x0000000800000000)
  region size 2048K, 2 young (4096K), 2 survivors (4096K)
 Metaspace       used 142430K, committed 144064K, reserved 1179648K
  class space    used 18977K, committed 19712K, reserved 1048576K
}
Event: 18291.154 GC heap before
{Heap before GC invocations=136 (full 2):
 garbage-first heap   total 458752K, used 183604K [0x0000000700000000, 0x0000000800000000)
  region size 2048K, 20 young (40960K), 2 survivors (4096K)
 Metaspace       used 142436K, committed 144064K, reserved 1179648K
  class space    used 18977K, committed 19712K, reserved 1048576K
}
Event: 18291.316 GC heap after
{Heap after GC invocations=137 (full 2):
 garbage-first heap   total 458752K, used 149695K [0x0000000700000000, 0x0000000800000000)
  region size 2048K, 3 young (6144K), 3 survivors (6144K)
 Metaspace       used 142436K, committed 144064K, reserved 1179648K
  class space    used 18977K, committed 19712K, reserved 1048576K
}
Event: 18303.452 GC heap before
{Heap before GC invocations=138 (full 2):
 garbage-first heap   total 458752K, used 174271K [0x0000000700000000, 0x0000000800000000)
  region size 2048K, 17 young (34816K), 3 survivors (6144K)
 Metaspace       used 142434K, committed 144064K, reserved 1179648K
  class space    used 18976K, committed 19712K, reserved 1048576K
}
Event: 18303.552 GC heap after
{Heap after GC invocations=139 (full 2):
 garbage-first heap   total 458752K, used 147491K [0x0000000700000000, 0x0000000800000000)
  region size 2048K, 2 young (4096K), 2 survivors (4096K)
 Metaspace       used 142434K, committed 144064K, reserved 1179648K
  class space    used 18976K, committed 19712K, reserved 1048576K
}
Event: 18306.765 GC heap before
{Heap before GC invocations=139 (full 2):
 garbage-first heap   total 458752K, used 163875K [0x0000000700000000, 0x0000000800000000)
  region size 2048K, 11 young (22528K), 2 survivors (4096K)
 Metaspace       used 142461K, committed 144128K, reserved 1179648K
  class space    used 18980K, committed 19776K, reserved 1048576K
}
Event: 18306.836 GC heap after
{Heap after GC invocations=140 (full 2):
 garbage-first heap   total 550912K, used 148539K [0x0000000700000000, 0x0000000800000000)
  region size 2048K, 1 young (2048K), 1 survivors (2048K)
 Metaspace       used 142461K, committed 144128K, reserved 1179648K
  class space    used 18980K, committed 19776K, reserved 1048576K
}
Event: 18326.649 GC heap before
{Heap before GC invocations=140 (full 2):
 garbage-first heap   total 550912K, used 236603K [0x0000000700000000, 0x0000000800000000)
  region size 2048K, 46 young (94208K), 1 survivors (2048K)
 Metaspace       used 142543K, committed 144256K, reserved 1179648K
  class space    used 18994K, committed 19776K, reserved 1048576K
}
Event: 18326.821 GC heap after
{Heap after GC invocations=141 (full 2):
 garbage-first heap   total 550912K, used 155887K [0x0000000700000000, 0x0000000800000000)
  region size 2048K, 5 young (10240K), 5 survivors (10240K)
 Metaspace       used 142543K, committed 144256K, reserved 1179648K
  class space    used 18994K, committed 19776K, reserved 1048576K
}
Event: 18329.780 GC heap before
{Heap before GC invocations=142 (full 2):
 garbage-first heap   total 550912K, used 278767K [0x0000000700000000, 0x0000000800000000)
  region size 2048K, 29 young (59392K), 5 survivors (10240K)
 Metaspace       used 142548K, committed 144256K, reserved 1179648K
  class space    used 18994K, committed 19776K, reserved 1048576K
}
Event: 18329.832 GC heap after
{Heap after GC invocations=143 (full 2):
 garbage-first heap   total 550912K, used 235353K [0x0000000700000000, 0x0000000800000000)
  region size 2048K, 2 young (4096K), 2 survivors (4096K)
 Metaspace       used 142548K, committed 144256K, reserved 1179648K
  class space    used 18994K, committed 19776K, reserved 1048576K
}
Event: 18329.866 GC heap before
{Heap before GC invocations=143 (full 2):
 garbage-first heap   total 550912K, used 257881K [0x0000000700000000, 0x0000000800000000)
  region size 2048K, 14 young (28672K), 2 survivors (4096K)
 Metaspace       used 142548K, committed 144256K, reserved 1179648K
  class space    used 18994K, committed 19776K, reserved 1048576K
}
Event: 18329.884 GC heap after
{Heap after GC invocations=144 (full 2):
 garbage-first heap   total 550912K, used 236019K [0x0000000700000000, 0x0000000800000000)
  region size 2048K, 1 young (2048K), 1 survivors (2048K)
 Metaspace       used 142548K, committed 144256K, reserved 1179648K
  class space    used 18994K, committed 19776K, reserved 1048576K
}
Event: 18330.234 GC heap before
{Heap before GC invocations=144 (full 2):
 garbage-first heap   total 550912K, used 299507K [0x0000000700000000, 0x0000000800000000)
  region size 2048K, 33 young (67584K), 1 survivors (2048K)
 Metaspace       used 142561K, committed 144256K, reserved 1179648K
  class space    used 18994K, committed 19776K, reserved 1048576K
}
Event: 18330.242 GC heap after
{Heap after GC invocations=145 (full 2):
 garbage-first heap   total 550912K, used 237665K [0x0000000700000000, 0x0000000800000000)
  region size 2048K, 2 young (4096K), 2 survivors (4096K)
 Metaspace       used 142561K, committed 144256K, reserved 1179648K
  class space    used 18994K, committed 19776K, reserved 1048576K
}
Event: 19487.782 GC heap before
{Heap before GC invocations=146 (full 2):
 garbage-first heap   total 550912K, used 446561K [0x0000000700000000, 0x0000000800000000)
  region size 2048K, 103 young (210944K), 2 survivors (4096K)
 Metaspace       used 142678K, committed 144320K, reserved 1179648K
  class space    used 18997K, committed 19776K, reserved 1048576K
}
Event: 19488.082 GC heap after
{Heap after GC invocations=147 (full 2):
 garbage-first heap   total 550912K, used 176484K [0x0000000700000000, 0x0000000800000000)
  region size 2048K, 10 young (20480K), 10 survivors (20480K)
 Metaspace       used 142678K, committed 144320K, reserved 1179648K
  class space    used 18997K, committed 19776K, reserved 1048576K
}
Event: 19488.390 GC heap before
{Heap before GC invocations=147 (full 2):
 garbage-first heap   total 550912K, used 182628K [0x0000000700000000, 0x0000000800000000)
  region size 2048K, 13 young (26624K), 10 survivors (20480K)
 Metaspace       used 142678K, committed 144320K, reserved 1179648K
  class space    used 18997K, committed 19776K, reserved 1048576K
}
Event: 19488.965 GC heap after
{Heap after GC invocations=148 (full 2):
 garbage-first heap   total 550912K, used 177589K [0x0000000700000000, 0x0000000800000000)
  region size 2048K, 2 young (4096K), 2 survivors (4096K)
 Metaspace       used 142678K, committed 144320K, reserved 1179648K
  class space    used 18997K, committed 19776K, reserved 1048576K
}
Event: 19601.848 GC heap before
{Heap before GC invocations=148 (full 2):
 garbage-first heap   total 550912K, used 241077K [0x0000000700000000, 0x0000000800000000)
  region size 2048K, 34 young (69632K), 2 survivors (4096K)
 Metaspace       used 142846K, committed 144576K, reserved 1179648K
  class space    used 19026K, committed 19840K, reserved 1048576K
}

